<?xml version="1.0" encoding="UTF-8"?>
<testng-results skipped="0" failed="0" ignored="0" total="1" passed="1">
  <reporter-output>
  </reporter-output>
  <suite name="Default suite" duration-ms="177" started-at="2022-05-03T04:03:49 PDT" finished-at="2022-05-03T04:03:49 PDT">
    <groups>
    </groups>
    <test name="Default test" duration-ms="177" started-at="2022-05-03T04:03:49 PDT" finished-at="2022-05-03T04:03:49 PDT">
      <class name="lokesh.sample1">
        <test-method status="PASS" signature="regressionTC()[pri:0, instance:lokesh.sample1@3712b94]" name="regressionTC" duration-ms="21" started-at="2022-05-03T04:03:49 PDT" finished-at="2022-05-03T04:03:49 PDT">
          <reporter-output>
          </reporter-output>
        </test-method> <!-- regressionTC -->
      </class> <!-- lokesh.sample1 -->
    </test> <!-- Default test -->
  </suite> <!-- Default suite -->
</testng-results>
